[   13425ms] [ERROR] Warning: Extra attributes from the server: %s%s class,style 
    at html
    at RedirectErrorBoundary (webpack-internal:///(app-pages-browser)/./node_modules/next/dist/client/components/redirect-boundary.js:73:9)
    at RedirectBoundary (webpack-internal:///(app-pages-browser)/./node_modules/next/dist/client/components/redirect-boundary.js:81:11)
    at NotFoundErrorBoundary (webpack-internal:///(app-pages-browser)/./node_modules/next/dist/client/components/not-found-boundary.js:54:9)
    at NotFoundBoundary (webpack-internal:///(app-pages-browser)/./node_modules/next/dist/client/components/not-found-boundary.js:62:11)
    at DevRootNotFoundBoundary (webpack-internal:///(app-pages-browser)/./node_modules/next/dist/client/components/dev-root-not-found-boundary.js:32:11)
    at ReactDevOverlay (webpack-internal:///(app-pages-browser)/./node_modules/next/dist/client/components/react-dev-overlay/internal/ReactDevOverlay.js:66:9)
    at HotReload (webpack-internal:///(app-pages-browser)/./node_modules/next/dist/client/components/react-dev-overlay/hot-reloader-client.js:326:11)
    at Router (webpack-internal:///(app-pages-browser)/./node_modules/next/dist/client/components/app-router.js:147:11)
    at ErrorBoundaryHandler (webpack-internal:///(app-pages-browser)/./node_modules/next/dist/client/components/error-boundary.js:82:9)
    at ErrorBoundary (webpack-internal:///(app-pages-browser)/./node_modules/next/dist/client/components/error-boundary.js:110:11)
    at AppRouter (webpack-internal:///(app-pages-browser)/./node_modules/next/dist/client/components/app-router.js:417:13)
    at ServerRoot (webpack-internal:///(app-pages-browser)/./node_modules/next/dist/client/app-index.js:123:11)
    at RSCComponent
    at Root (webpack-internal:///(app-pages-browser)/./node_modules/next/dist/client/app-index.js:139:11) @ webpack-internal:///(app-pages-browser)/./node_modules/next/dist/client/app-index.js:31
[   13459ms] Error: _crypto.default.randomBytes is not a function
    at updateDehydratedSuspenseComponent (webpack-internal:///(app-pages-browser)/./node_modules/next/dist/compiled/react-dom/cjs/react-dom.development.js:16348:17)
    at updateSuspenseComponent (webpack-internal:///(app-pages-browser)/./node_modules/next/dist/compiled/react-dom/cjs/react-dom.development.js:16048:16)
    at beginWork$1 (webpack-internal:///(app-pages-browser)/./node_modules/next/dist/compiled/react-dom/cjs/react-dom.development.js:17361:14)
    at beginWork (webpack-internal:///(app-pages-browser)/./node_modules/next/dist/compiled/react-dom/cjs/react-dom.development.js:25675:14)
    at performUnitOfWork (webpack-internal:///(app-pages-browser)/./node_modules/next/dist/compiled/react-dom/cjs/react-dom.development.js:24526:12)
    at workLoopSync (webpack-internal:///(app-pages-browser)/./node_modules/next/dist/compiled/react-dom/cjs/react-dom.development.js:24242:5)
    at renderRootSync (webpack-internal:///(app-pages-browser)/./node_modules/next/dist/compiled/react-dom/cjs/react-dom.development.js:24197:7)
    at performConcurrentWorkOnRoot (webpack-internal:///(app-pages-browser)/./node_modules/next/dist/compiled/react-dom/cjs/react-dom.development.js:23339:74)
    at workLoop (webpack-internal:///(app-pages-browser)/./node_modules/next/dist/compiled/scheduler/cjs/scheduler.development.js:261:34)
    at flushWork (webpack-internal:///(app-pages-browser)/./node_modules/next/dist/compiled/scheduler/cjs/scheduler.development.js:230:14)
    at MessagePort.performWorkUntilDeadline (webpack-internal:///(app-pages-browser)/./node_modules/next/dist/compiled/scheduler/cjs/scheduler.development.js:534:21)
[   13472ms] Error: _crypto.default.randomBytes is not a function
    at markdownToHtml (webpack-internal:///(rsc)/./node_modules/zenn-markdown-html/lib/index.js:74:35)
    at Module.generateMetadata (webpack-internal:///(rsc)/./src/app/blogs/[blogId]/page.tsx:77:83)
[   13472ms] Error: _crypto.default.randomBytes is not a function
    at markdownToHtml (webpack-internal:///(rsc)/./node_modules/zenn-markdown-html/lib/index.js:74:35)
    at Module.generateMetadata (webpack-internal:///(rsc)/./src/app/blogs/[blogId]/page.tsx:77:83)
[   13472ms] Error: _crypto.default.randomBytes is not a function
    at markdownToHtml (webpack-internal:///(rsc)/./node_modules/zenn-markdown-html/lib/index.js:74:35)
    at Module.generateMetadata (webpack-internal:///(rsc)/./src/app/blogs/[blogId]/page.tsx:77:83)
[   13473ms] Error: _crypto.default.randomBytes is not a function
    at markdownToHtml (webpack-internal:///(rsc)/./node_modules/zenn-markdown-html/lib/index.js:74:35)
    at Module.generateMetadata (webpack-internal:///(rsc)/./src/app/blogs/[blogId]/page.tsx:77:83)
[   13473ms] Error: _crypto.default.randomBytes is not a function
    at markdownToHtml (webpack-internal:///(rsc)/./node_modules/zenn-markdown-html/lib/index.js:74:35)
    at Module.generateMetadata (webpack-internal:///(rsc)/./src/app/blogs/[blogId]/page.tsx:77:83)
[   13473ms] Error: _crypto.default.randomBytes is not a function
    at markdownToHtml (webpack-internal:///(rsc)/./node_modules/zenn-markdown-html/lib/index.js:74:35)
    at Module.generateMetadata (webpack-internal:///(rsc)/./src/app/blogs/[blogId]/page.tsx:77:83)
[   13473ms] Error: _crypto.default.randomBytes is not a function
    at markdownToHtml (webpack-internal:///(rsc)/./node_modules/zenn-markdown-html/lib/index.js:74:35)
    at Module.generateMetadata (webpack-internal:///(rsc)/./src/app/blogs/[blogId]/page.tsx:77:83)
[   13473ms] Error: _crypto.default.randomBytes is not a function
    at markdownToHtml (webpack-internal:///(rsc)/./node_modules/zenn-markdown-html/lib/index.js:74:35)
    at Module.generateMetadata (webpack-internal:///(rsc)/./src/app/blogs/[blogId]/page.tsx:77:83)
[   13473ms] Error: _crypto.default.randomBytes is not a function
    at markdownToHtml (webpack-internal:///(rsc)/./node_modules/zenn-markdown-html/lib/index.js:74:35)
    at Module.generateMetadata (webpack-internal:///(rsc)/./src/app/blogs/[blogId]/page.tsx:77:83)
[   13473ms] Error: _crypto.default.randomBytes is not a function
    at markdownToHtml (webpack-internal:///(rsc)/./node_modules/zenn-markdown-html/lib/index.js:74:35)
    at Module.generateMetadata (webpack-internal:///(rsc)/./src/app/blogs/[blogId]/page.tsx:77:83)
[   13473ms] Error: _crypto.default.randomBytes is not a function
    at markdownToHtml (webpack-internal:///(rsc)/./node_modules/zenn-markdown-html/lib/index.js:74:35)
    at Module.generateMetadata (webpack-internal:///(rsc)/./src/app/blogs/[blogId]/page.tsx:77:83)
[   13474ms] Error: _crypto.default.randomBytes is not a function
    at markdownToHtml (webpack-internal:///(rsc)/./node_modules/zenn-markdown-html/lib/index.js:74:35)
    at Module.generateMetadata (webpack-internal:///(rsc)/./src/app/blogs/[blogId]/page.tsx:77:83)
[   13474ms] Error: _crypto.default.randomBytes is not a function
    at markdownToHtml (webpack-internal:///(rsc)/./node_modules/zenn-markdown-html/lib/index.js:74:35)
    at Module.generateMetadata (webpack-internal:///(rsc)/./src/app/blogs/[blogId]/page.tsx:77:83)
[   13474ms] Error: _crypto.default.randomBytes is not a function
    at markdownToHtml (webpack-internal:///(rsc)/./node_modules/zenn-markdown-html/lib/index.js:74:35)
    at Module.generateMetadata (webpack-internal:///(rsc)/./src/app/blogs/[blogId]/page.tsx:77:83)
[   13452ms] [ERROR] The above error occurred in the <NotFoundErrorBoundary> component:

    at NotFoundErrorBoundary (webpack-internal:///(app-pages-browser)/./node_modules/next/dist/client/components/not-found-boundary.js:54:9)
    at NotFoundBoundary (webpack-internal:///(app-pages-browser)/./node_modules/next/dist/client/components/not-found-boundary.js:62:11)
    at DevRootNotFoundBoundary (webpack-internal:///(app-pages-browser)/./node_modules/next/dist/client/components/dev-root-not-found-boundary.js:32:11)
    at ReactDevOverlay (webpack-internal:///(app-pages-browser)/./node_modules/next/dist/client/components/react-dev-overlay/internal/ReactDevOverlay.js:66:9)
    at HotReload (webpack-internal:///(app-pages-browser)/./node_modules/next/dist/client/components/react-dev-overlay/hot-reloader-client.js:326:11)
    at Router (webpack-internal:///(app-pages-browser)/./node_modules/next/dist/client/components/app-router.js:147:11)
    at ErrorBoundaryHandler (webpack-internal:///(app-pages-browser)/./node_modules/next/dist/client/components/error-boundary.js:82:9)
    at ErrorBoundary (webpack-internal:///(app-pages-browser)/./node_modules/next/dist/client/components/error-boundary.js:110:11)
    at AppRouter (webpack-internal:///(app-pages-browser)/./node_modules/next/dist/client/components/app-router.js:417:13)
    at ServerRoot (webpack-internal:///(app-pages-browser)/./node_modules/next/dist/client/app-index.js:123:11)
    at RSCComponent
    at Root (webpack-internal:///(app-pages-browser)/./node_modules/next/dist/client/app-index.js:139:11)

React will try to recreate this component tree from scratch using the error boundary you provided, ReactDevOverlay. @ webpack-internal:///(app-pages-browser)/./node_modules/next/dist/client/app-index.js:31
[   25530ms] [WARNING] [Fast Refresh] performing full reload because your application had an unrecoverable error @ webpack-internal:///(app-pages-browser)/./node_modules/next/dist/client/components/react-dev-overlay/hot-reloader-client.js:86
[   26878ms] [ERROR] Warning: Extra attributes from the server: %s%s class,style 
    at html
    at RedirectErrorBoundary (webpack-internal:///(app-pages-browser)/./node_modules/next/dist/client/components/redirect-boundary.js:73:9)
    at RedirectBoundary (webpack-internal:///(app-pages-browser)/./node_modules/next/dist/client/components/redirect-boundary.js:81:11)
    at NotFoundErrorBoundary (webpack-internal:///(app-pages-browser)/./node_modules/next/dist/client/components/not-found-boundary.js:54:9)
    at NotFoundBoundary (webpack-internal:///(app-pages-browser)/./node_modules/next/dist/client/components/not-found-boundary.js:62:11)
    at DevRootNotFoundBoundary (webpack-internal:///(app-pages-browser)/./node_modules/next/dist/client/components/dev-root-not-found-boundary.js:32:11)
    at ReactDevOverlay (webpack-internal:///(app-pages-browser)/./node_modules/next/dist/client/components/react-dev-overlay/internal/ReactDevOverlay.js:66:9)
    at HotReload (webpack-internal:///(app-pages-browser)/./node_modules/next/dist/client/components/react-dev-overlay/hot-reloader-client.js:326:11)
    at Router (webpack-internal:///(app-pages-browser)/./node_modules/next/dist/client/components/app-router.js:147:11)
    at ErrorBoundaryHandler (webpack-internal:///(app-pages-browser)/./node_modules/next/dist/client/components/error-boundary.js:82:9)
    at ErrorBoundary (webpack-internal:///(app-pages-browser)/./node_modules/next/dist/client/components/error-boundary.js:110:11)
    at AppRouter (webpack-internal:///(app-pages-browser)/./node_modules/next/dist/client/components/app-router.js:417:13)
    at ServerRoot (webpack-internal:///(app-pages-browser)/./node_modules/next/dist/client/app-index.js:123:11)
    at RSCComponent
    at Root (webpack-internal:///(app-pages-browser)/./node_modules/next/dist/client/app-index.js:139:11) @ webpack-internal:///(app-pages-browser)/./node_modules/next/dist/client/app-index.js:31
[   26896ms] Error: _crypto.default.randomBytes is not a function
    at updateDehydratedSuspenseComponent (webpack-internal:///(app-pages-browser)/./node_modules/next/dist/compiled/react-dom/cjs/react-dom.development.js:16348:17)
    at updateSuspenseComponent (webpack-internal:///(app-pages-browser)/./node_modules/next/dist/compiled/react-dom/cjs/react-dom.development.js:16048:16)
    at beginWork$1 (webpack-internal:///(app-pages-browser)/./node_modules/next/dist/compiled/react-dom/cjs/react-dom.development.js:17361:14)
    at beginWork (webpack-internal:///(app-pages-browser)/./node_modules/next/dist/compiled/react-dom/cjs/react-dom.development.js:25675:14)
    at performUnitOfWork (webpack-internal:///(app-pages-browser)/./node_modules/next/dist/compiled/react-dom/cjs/react-dom.development.js:24526:12)
    at workLoopSync (webpack-internal:///(app-pages-browser)/./node_modules/next/dist/compiled/react-dom/cjs/react-dom.development.js:24242:5)
    at renderRootSync (webpack-internal:///(app-pages-browser)/./node_modules/next/dist/compiled/react-dom/cjs/react-dom.development.js:24197:7)
    at performConcurrentWorkOnRoot (webpack-internal:///(app-pages-browser)/./node_modules/next/dist/compiled/react-dom/cjs/react-dom.development.js:23339:74)
    at workLoop (webpack-internal:///(app-pages-browser)/./node_modules/next/dist/compiled/scheduler/cjs/scheduler.development.js:261:34)
    at flushWork (webpack-internal:///(app-pages-browser)/./node_modules/next/dist/compiled/scheduler/cjs/scheduler.development.js:230:14)
    at MessagePort.performWorkUntilDeadline (webpack-internal:///(app-pages-browser)/./node_modules/next/dist/compiled/scheduler/cjs/scheduler.development.js:534:21)
[   26903ms] Error: _crypto.default.randomBytes is not a function
    at markdownToHtml (webpack-internal:///(rsc)/./node_modules/zenn-markdown-html/lib/index.js:74:35)
    at Module.generateMetadata (webpack-internal:///(rsc)/./src/app/blogs/[blogId]/page.tsx:77:83)
[   26904ms] Error: _crypto.default.randomBytes is not a function
    at markdownToHtml (webpack-internal:///(rsc)/./node_modules/zenn-markdown-html/lib/index.js:74:35)
    at Module.generateMetadata (webpack-internal:///(rsc)/./src/app/blogs/[blogId]/page.tsx:77:83)
[   26904ms] Error: _crypto.default.randomBytes is not a function
    at markdownToHtml (webpack-internal:///(rsc)/./node_modules/zenn-markdown-html/lib/index.js:74:35)
    at Module.generateMetadata (webpack-internal:///(rsc)/./src/app/blogs/[blogId]/page.tsx:77:83)
[   26905ms] Error: _crypto.default.randomBytes is not a function
    at markdownToHtml (webpack-internal:///(rsc)/./node_modules/zenn-markdown-html/lib/index.js:74:35)
    at Module.generateMetadata (webpack-internal:///(rsc)/./src/app/blogs/[blogId]/page.tsx:77:83)
[   26905ms] Error: _crypto.default.randomBytes is not a function
    at markdownToHtml (webpack-internal:///(rsc)/./node_modules/zenn-markdown-html/lib/index.js:74:35)
    at Module.generateMetadata (webpack-internal:///(rsc)/./src/app/blogs/[blogId]/page.tsx:77:83)
[   26905ms] Error: _crypto.default.randomBytes is not a function
    at markdownToHtml (webpack-internal:///(rsc)/./node_modules/zenn-markdown-html/lib/index.js:74:35)
    at Module.generateMetadata (webpack-internal:///(rsc)/./src/app/blogs/[blogId]/page.tsx:77:83)
[   26905ms] Error: _crypto.default.randomBytes is not a function
    at markdownToHtml (webpack-internal:///(rsc)/./node_modules/zenn-markdown-html/lib/index.js:74:35)
    at Module.generateMetadata (webpack-internal:///(rsc)/./src/app/blogs/[blogId]/page.tsx:77:83)
[   26905ms] Error: _crypto.default.randomBytes is not a function
    at markdownToHtml (webpack-internal:///(rsc)/./node_modules/zenn-markdown-html/lib/index.js:74:35)
    at Module.generateMetadata (webpack-internal:///(rsc)/./src/app/blogs/[blogId]/page.tsx:77:83)
[   26905ms] Error: _crypto.default.randomBytes is not a function
    at markdownToHtml (webpack-internal:///(rsc)/./node_modules/zenn-markdown-html/lib/index.js:74:35)
    at Module.generateMetadata (webpack-internal:///(rsc)/./src/app/blogs/[blogId]/page.tsx:77:83)
[   26905ms] Error: _crypto.default.randomBytes is not a function
    at markdownToHtml (webpack-internal:///(rsc)/./node_modules/zenn-markdown-html/lib/index.js:74:35)
    at Module.generateMetadata (webpack-internal:///(rsc)/./src/app/blogs/[blogId]/page.tsx:77:83)
[   26905ms] Error: _crypto.default.randomBytes is not a function
    at markdownToHtml (webpack-internal:///(rsc)/./node_modules/zenn-markdown-html/lib/index.js:74:35)
    at Module.generateMetadata (webpack-internal:///(rsc)/./src/app/blogs/[blogId]/page.tsx:77:83)
[   26905ms] Error: _crypto.default.randomBytes is not a function
    at markdownToHtml (webpack-internal:///(rsc)/./node_modules/zenn-markdown-html/lib/index.js:74:35)
    at Module.generateMetadata (webpack-internal:///(rsc)/./src/app/blogs/[blogId]/page.tsx:77:83)
[   26906ms] Error: _crypto.default.randomBytes is not a function
    at markdownToHtml (webpack-internal:///(rsc)/./node_modules/zenn-markdown-html/lib/index.js:74:35)
    at Module.generateMetadata (webpack-internal:///(rsc)/./src/app/blogs/[blogId]/page.tsx:77:83)
[   26906ms] Error: _crypto.default.randomBytes is not a function
    at markdownToHtml (webpack-internal:///(rsc)/./node_modules/zenn-markdown-html/lib/index.js:74:35)
    at Module.generateMetadata (webpack-internal:///(rsc)/./src/app/blogs/[blogId]/page.tsx:77:83)
[   26898ms] [ERROR] The above error occurred in the <NotFoundErrorBoundary> component:

    at NotFoundErrorBoundary (webpack-internal:///(app-pages-browser)/./node_modules/next/dist/client/components/not-found-boundary.js:54:9)
    at NotFoundBoundary (webpack-internal:///(app-pages-browser)/./node_modules/next/dist/client/components/not-found-boundary.js:62:11)
    at DevRootNotFoundBoundary (webpack-internal:///(app-pages-browser)/./node_modules/next/dist/client/components/dev-root-not-found-boundary.js:32:11)
    at ReactDevOverlay (webpack-internal:///(app-pages-browser)/./node_modules/next/dist/client/components/react-dev-overlay/internal/ReactDevOverlay.js:66:9)
    at HotReload (webpack-internal:///(app-pages-browser)/./node_modules/next/dist/client/components/react-dev-overlay/hot-reloader-client.js:326:11)
    at Router (webpack-internal:///(app-pages-browser)/./node_modules/next/dist/client/components/app-router.js:147:11)
    at ErrorBoundaryHandler (webpack-internal:///(app-pages-browser)/./node_modules/next/dist/client/components/error-boundary.js:82:9)
    at ErrorBoundary (webpack-internal:///(app-pages-browser)/./node_modules/next/dist/client/components/error-boundary.js:110:11)
    at AppRouter (webpack-internal:///(app-pages-browser)/./node_modules/next/dist/client/components/app-router.js:417:13)
    at ServerRoot (webpack-internal:///(app-pages-browser)/./node_modules/next/dist/client/app-index.js:123:11)
    at RSCComponent
    at Root (webpack-internal:///(app-pages-browser)/./node_modules/next/dist/client/app-index.js:139:11)

React will try to recreate this component tree from scratch using the error boundary you provided, ReactDevOverlay. @ webpack-internal:///(app-pages-browser)/./node_modules/next/dist/client/app-index.js:31
